<?xml version="1.0" encoding="UTF-8"?>
<!-- Generated by org.testng.reporters.JUnitXMLReporter -->
<testsuite ignored="0" hostname="DESKTOP-ONJ642F" failures="0" tests="6" name="Default test" time="104.087" errors="0" timestamp="2022-10-11T21:35:23 IST">
  <testcase classname="com.samples.Flipkart.SearchProduct" name="searchProduct" time="10.882"/>
  <testcase classname="com.samples.Flipkart.SearchProduct" name="loadImage" time="12.954"/>
  <testcase classname="com.samples.Flipkart.SearchProduct" name="scrollPage" time="9.738"/>
  <testcase classname="com.samples.Flipkart.SearchProduct" name="scrollPageFrequency" time="7.3"/>
  <testcase classname="com.samples.Flipkart.SearchProduct" name="downloadBeforeScroll" time="10.175"/>
  <testcase classname="com.samples.Flipkart.SearchProduct" name="screenResolution" time="11.675"/>
</testsuite> <!-- Default test -->
