<?xml version="1.0" encoding="UTF-8"?>
<!-- Generated by org.testng.reporters.JUnitXMLReporter -->
<testsuite ignored="1" hostname="HARIVYAS" failures="0" tests="2" name="CarLoanAppTest" time="0.009" errors="0" timestamp="2022-09-29T19:22:37 IST">
  <testcase classname="loanapp.CarLoanAppTests" name="CarLoanLoginWeb" time="0.004"/>
  <testcase classname="loanapp.CarLoanAppTests" name="CarLoanLoginApi" time="0.001"/>
  <testcase classname="loanapp.CarLoanAppTests" name="CarLoanLoginMobile" time="0.0">
    <ignored/>
  </testcase> <!-- CarLoanLoginMobile -->
</testsuite> <!-- CarLoanAppTest -->
