<?xml version="1.0" encoding="UTF-8"?>
<!-- Generated by org.testng.reporters.JUnitXMLReporter -->
<testsuite ignored="0" hostname="HARIVYAS" failures="0" tests="3" name="HomeLoanAppTest" time="0.031" errors="0" timestamp="2022-09-29T19:22:37 IST">
  <testcase classname="loanapp.HomeLoanAppTests" name="ApiHomeLoan" time="0.005"/>
  <testcase classname="loanapp.HomeLoanAppTests" name="MobileHomeLoan" time="0.001"/>
  <testcase classname="loanapp.HomeLoanAppTests" name="WebHomeLoan" time="0.001"/>
</testsuite> <!-- HomeLoanAppTest -->
