<?xml version="1.0" encoding="UTF-8"?>
<!-- Generated by org.testng.reporters.JUnitXMLReporter -->
<testsuite ignored="0" hostname="HARIVYAS" failures="0" tests="3" name="PersonalLoanAppTest" time="0.005" errors="0" timestamp="2022-09-29T19:22:38 IST">
  <testcase classname="loanapp.PersonalLoanAppTests" name="PersonalLoanLoginApi" time="0.0"/>
  <testcase classname="loanapp.PersonalLoanAppTests" name="PersonalLoanLoginMobile" time="0.0"/>
  <testcase classname="loanapp.PersonalLoanAppTests" name="PersonalLoanLoginWeb" time="0.0"/>
</testsuite> <!-- PersonalLoanAppTest -->
