<?xml version="1.0" encoding="UTF-8"?>
<!-- Generated by org.testng.reporters.JUnitXMLReporter -->
<testsuite ignored="0" hostname="HARIVYAS" failures="0" tests="3" name="SmokeTests" time="0.053" errors="0" timestamp="2022-09-29T16:35:09 IST">
  <testcase classname="testpackage.ParamTest" name="applyForLoan" time="0.006"/>
  <testcase classname="testpackage.ParamTest" name="applyForLoan" time="0.001"/>
  <testcase classname="testpackage.ParamTest" name="applyForLoan" time="0.0"/>
</testsuite> <!-- SmokeTests -->
