<?xml version="1.0" encoding="UTF-8"?>
<!-- Generated by org.testng.reporters.JUnitXMLReporter -->
<testsuite ignored="0" hostname="HARIVYAS" failures="0" tests="11" name="Test" time="0.052" errors="0" timestamp="2022-09-29T14:39:08 IST">
  <testcase classname="testpackage.sample1" name="demo" time="0.006"/>
  <testcase classname="testpackage.sample2" name="demo2" time="0.001"/>
  <testcase classname="loanapp.CarLoanAppTests" name="CarLoanLoginApi" time="0.001"/>
  <testcase classname="loanapp.CarLoanAppTests" name="CarLoanLoginMobile" time="0.0"/>
  <testcase classname="loanapp.CarLoanAppTests" name="CarLoanLoginWeb" time="0.0"/>
  <testcase classname="loanapp.HomeLoanAppTests" name="HomeLoanLoginApi" time="0.002"/>
  <testcase classname="loanapp.HomeLoanAppTests" name="HomeLoanLoginMobile" time="0.0"/>
  <testcase classname="loanapp.HomeLoanAppTests" name="HomeLoanLoginWeb" time="0.002"/>
  <testcase classname="loanapp.PersonalLoanAppTests" name="PersonalLoanLoginApi" time="0.001"/>
  <testcase classname="loanapp.PersonalLoanAppTests" name="PersonalLoanLoginMobile" time="0.001"/>
  <testcase classname="loanapp.PersonalLoanAppTests" name="PersonalLoanLoginWeb" time="0.001"/>
</testsuite> <!-- Test -->
