<?xml version="1.0" encoding="UTF-8"?>
<testng-results ignored="0" total="2" passed="2" failed="0" skipped="0">
  <reporter-output>
  </reporter-output>
  <suite started-at="2022-09-30T21:09:15 IST" name="Suite" finished-at="2022-09-30T21:09:55 IST" duration-ms="39893">
    <groups>
    </groups>
    <test started-at="2022-09-30T21:09:15 IST" name="Test" finished-at="2022-09-30T21:09:55 IST" duration-ms="39893">
      <class name="TestPackage.Testing">
        <test-method is-config="true" signature="startBrowser()[pri:0, instance:TestPackage.Testing@7e5afaa6]" started-at="2022-09-30T21:09:15 IST" name="startBrowser" finished-at="2022-09-30T21:09:22 IST" duration-ms="6143" status="PASS">
          <reporter-output>
          </reporter-output>
        </test-method> <!-- startBrowser -->
        <test-method signature="login()[pri:1, instance:TestPackage.Testing@7e5afaa6]" started-at="2022-09-30T21:09:22 IST" name="login" finished-at="2022-09-30T21:09:28 IST" duration-ms="6399" status="PASS">
          <reporter-output>
          </reporter-output>
        </test-method> <!-- login -->
        <test-method is-config="true" signature="startBrowser()[pri:0, instance:TestPackage.Testing@7e5afaa6]" started-at="2022-09-30T21:09:28 IST" name="startBrowser" finished-at="2022-09-30T21:09:33 IST" duration-ms="5389" status="PASS">
          <reporter-output>
          </reporter-output>
        </test-method> <!-- startBrowser -->
        <test-method signature="addtocart()[pri:2, instance:TestPackage.Testing@7e5afaa6]" started-at="2022-09-30T21:09:33 IST" name="addtocart" finished-at="2022-09-30T21:09:55 IST" duration-ms="21915" status="PASS">
          <reporter-output>
          </reporter-output>
        </test-method> <!-- addtocart -->
      </class> <!-- TestPackage.Testing -->
    </test> <!-- Test -->
  </suite> <!-- Suite -->
</testng-results>
