<?xml version="1.0" encoding="UTF-8"?>
<testng-results ignored="0" total="1" passed="1" failed="0" skipped="0">
  <reporter-output>
  </reporter-output>
  <suite started-at="2022-10-11T12:51:47 IST" name="Default suite" finished-at="2022-10-11T12:52:16 IST" duration-ms="28646">
    <groups>
    </groups>
    <test started-at="2022-10-11T12:51:47 IST" name="Default test" finished-at="2022-10-11T12:52:16 IST" duration-ms="28646">
      <class name="TestingPackage.Testing">
        <test-method is-config="true" signature="startBrowser()[pri:0, instance:TestingPackage.Testing@28f3b248]" started-at="2022-10-11T12:51:47 IST" name="startBrowser" finished-at="2022-10-11T12:51:57 IST" duration-ms="9816" status="PASS">
          <reporter-output>
          </reporter-output>
        </test-method> <!-- startBrowser -->
        <test-method signature="register()[pri:0, instance:TestingPackage.Testing@28f3b248]" started-at="2022-10-11T12:51:57 IST" name="register" finished-at="2022-10-11T12:52:10 IST" duration-ms="13316" status="PASS">
          <reporter-output>
          </reporter-output>
        </test-method> <!-- register -->
        <test-method is-config="true" signature="stopBrowser()[pri:0, instance:TestingPackage.Testing@28f3b248]" started-at="2022-10-11T12:52:10 IST" name="stopBrowser" finished-at="2022-10-11T12:52:16 IST" duration-ms="5427" status="PASS">
          <reporter-output>
          </reporter-output>
        </test-method> <!-- stopBrowser -->
      </class> <!-- TestingPackage.Testing -->
    </test> <!-- Default test -->
  </suite> <!-- Default suite -->
</testng-results>
