<?xml version="1.0" encoding="UTF-8"?>
<testng-results ignored="0" total="6" passed="6" failed="0" skipped="0">
  <reporter-output>
  </reporter-output>
  <suite started-at="2022-10-11T21:33:39 IST" name="Default suite" finished-at="2022-10-11T21:35:23 IST" duration-ms="104087">
    <groups>
    </groups>
    <test started-at="2022-10-11T21:33:39 IST" name="Default test" finished-at="2022-10-11T21:35:23 IST" duration-ms="104087">
      <class name="com.samples.Flipkart.SearchProduct">
        <test-method is-config="true" signature="startBrowser()[pri:0, instance:com.samples.Flipkart.SearchProduct@21282ed8]" started-at="2022-10-11T21:33:39 IST" name="startBrowser" finished-at="2022-10-11T21:34:20 IST" duration-ms="41223" status="PASS">
          <reporter-output>
          </reporter-output>
        </test-method> <!-- startBrowser -->
        <test-method signature="searchProduct()[pri:1, instance:com.samples.Flipkart.SearchProduct@21282ed8]" started-at="2022-10-11T21:34:20 IST" name="searchProduct" finished-at="2022-10-11T21:34:31 IST" duration-ms="10882" status="PASS">
          <reporter-output>
          </reporter-output>
        </test-method> <!-- searchProduct -->
        <test-method signature="loadImage()[pri:2, instance:com.samples.Flipkart.SearchProduct@21282ed8]" started-at="2022-10-11T21:34:31 IST" name="loadImage" finished-at="2022-10-11T21:34:44 IST" duration-ms="12954" status="PASS">
          <reporter-output>
          </reporter-output>
        </test-method> <!-- loadImage -->
        <test-method signature="scrollPage()[pri:3, instance:com.samples.Flipkart.SearchProduct@21282ed8]" started-at="2022-10-11T21:34:44 IST" name="scrollPage" finished-at="2022-10-11T21:34:54 IST" duration-ms="9738" status="PASS">
          <reporter-output>
          </reporter-output>
        </test-method> <!-- scrollPage -->
        <test-method signature="scrollPageFrequency()[pri:4, instance:com.samples.Flipkart.SearchProduct@21282ed8]" started-at="2022-10-11T21:34:54 IST" name="scrollPageFrequency" finished-at="2022-10-11T21:35:01 IST" duration-ms="7300" status="PASS">
          <reporter-output>
          </reporter-output>
        </test-method> <!-- scrollPageFrequency -->
        <test-method signature="downloadBeforeScroll()[pri:5, instance:com.samples.Flipkart.SearchProduct@21282ed8]" started-at="2022-10-11T21:35:01 IST" name="downloadBeforeScroll" finished-at="2022-10-11T21:35:11 IST" duration-ms="10175" status="PASS">
          <reporter-output>
          </reporter-output>
        </test-method> <!-- downloadBeforeScroll -->
        <test-method signature="screenResolution()[pri:6, instance:com.samples.Flipkart.SearchProduct@21282ed8]" started-at="2022-10-11T21:35:11 IST" name="screenResolution" finished-at="2022-10-11T21:35:23 IST" duration-ms="11675" status="PASS">
          <reporter-output>
          </reporter-output>
        </test-method> <!-- screenResolution -->
      </class> <!-- com.samples.Flipkart.SearchProduct -->
    </test> <!-- Default test -->
  </suite> <!-- Default suite -->
</testng-results>
